system   D            wsystem.c:583  maybe_parent_dir                 [   0.00060] Also searching C:\Users\usuario\Desktop\AirWar\Airwar++\bin\
system   D            wsystem.c:633  _al_win_safe_load_library        [   0.00126] PathFindOnPath found: C:\WINDOWS\system32\d3d9.dll
system   D            wsystem.c:544  load_library_at_path             [   0.00130] Calling LoadLibrary C:\WINDOWS\system32\d3d9.dll
system   I            wsystem.c:547  load_library_at_path             [   0.00396] Loaded C:\WINDOWS\system32\d3d9.dll
d3d      I         d3d_disp.cpp:696  _al_d3d_init_display             [   0.00829] Render-to-texture: 1
system   I             system.c:252  al_install_system                [   0.00835] Allegro version: 5.0.10
d3d      I         d3d_disp.cpp:1737 d3d_create_display_locked        [   0.00928] faux_fullscreen=0
d3d      D         d3d_disp.cpp:1738 d3d_create_display_locked        [   0.00931] al_display=00A52AA0
d3d      D         d3d_disp.cpp:1739 d3d_create_display_locked        [   0.00933] al_display->vt=00A0ADA0
d3d      I d3d_display_formats.cpp:144  _al_d3d_generate_display_format_list [   0.01327] found 64 format combinations
display  D   display_settings.c:191  debug_display_settings           [   0.01332] color: 32 (rgba 8880), depth: 0, stencil: 0, acc: 0000, samples: 0/0
display  D   display_settings.c:506  _al_score_display_settings       [   0.01334] Score is : 897
display  D   display_settings.c:191  debug_display_settings           [   0.01336] color: 32 (rgba 8880), depth: 0, stencil: 0, acc: 0000, samples: 0/0
display  D   display_settings.c:506  _al_score_display_settings       [   0.01339] Score is : 897
display  D   display_settings.c:191  debug_display_settings           [   0.01341] color: 32 (rgba 8880), depth: 24, stencil: 8, acc: 0000, samples: 0/0
display  D   display_settings.c:506  _al_score_display_settings       [   0.01343] Score is : 897
display  D   display_settings.c:191  debug_display_settings           [   0.01345] color: 32 (rgba 8880), depth: 24, stencil: 8, acc: 0000, samples: 0/0
display  D   display_settings.c:506  _al_score_display_settings       [   0.01347] Score is : 897
display  D   display_settings.c:191  debug_display_settings           [   0.01349] color: 32 (rgba 8880), depth: 24, stencil: 0, acc: 0000, samples: 0/0
display  D   display_settings.c:506  _al_score_display_settings       [   0.01351] Score is : 897
display  D   display_settings.c:191  debug_display_settings           [   0.01353] color: 32 (rgba 8880), depth: 24, stencil: 0, acc: 0000, samples: 0/0
display  D   display_settings.c:506  _al_score_display_settings       [   0.01355] Score is : 897
display  D   display_settings.c:191  debug_display_settings           [   0.01357] color: 32 (rgba 8880), depth: 16, stencil: 0, acc: 0000, samples: 0/0
display  D   display_settings.c:506  _al_score_display_settings       [   0.01359] Score is : 897
display  D   display_settings.c:191  debug_display_settings           [   0.01361] color: 32 (rgba 8880), depth: 16, stencil: 0, acc: 0000, samples: 0/0
display  D   display_settings.c:506  _al_score_display_settings       [   0.01363] Score is : 897
display  D   display_settings.c:191  debug_display_settings           [   0.01365] color: 16 (rgba 5650), depth: 0, stencil: 0, acc: 0000, samples: 0/0
display  D   display_settings.c:506  _al_score_display_settings       [   0.01367] Score is : 897
display  D   display_settings.c:191  debug_display_settings           [   0.01369] color: 16 (rgba 5650), depth: 0, stencil: 0, acc: 0000, samples: 0/0
display  D   display_settings.c:506  _al_score_display_settings       [   0.01371] Score is : 897
display  D   display_settings.c:191  debug_display_settings           [   0.01373] color: 16 (rgba 5650), depth: 24, stencil: 8, acc: 0000, samples: 0/0
display  D   display_settings.c:506  _al_score_display_settings       [   0.01375] Score is : 897
display  D   display_settings.c:191  debug_display_settings           [   0.01377] color: 16 (rgba 5650), depth: 24, stencil: 8, acc: 0000, samples: 0/0
display  D   display_settings.c:506  _al_score_display_settings       [   0.01384] Score is : 897
display  D   display_settings.c:191  debug_display_settings           [   0.01387] color: 16 (rgba 5650), depth: 24, stencil: 0, acc: 0000, samples: 0/0
display  D   display_settings.c:506  _al_score_display_settings       [   0.01389] Score is : 897
display  D   display_settings.c:191  debug_display_settings           [   0.01391] color: 16 (rgba 5650), depth: 24, stencil: 0, acc: 0000, samples: 0/0
display  D   display_settings.c:506  _al_score_display_settings       [   0.01393] Score is : 897
display  D   display_settings.c:191  debug_display_settings           [   0.01395] color: 16 (rgba 5650), depth: 16, stencil: 0, acc: 0000, samples: 0/0
display  D   display_settings.c:506  _al_score_display_settings       [   0.01397] Score is : 897
display  D   display_settings.c:191  debug_display_settings           [   0.01399] color: 16 (rgba 5650), depth: 16, stencil: 0, acc: 0000, samples: 0/0
display  D   display_settings.c:506  _al_score_display_settings       [   0.01401] Score is : 897
display  D   display_settings.c:191  debug_display_settings           [   0.01402] color: 32 (rgba 8880), depth: 0, stencil: 0, acc: 0000, samples: 0/0
display  D   display_settings.c:377  _al_score_display_settings       [   0.01405] Single Buffer requirement not met.
display  D   display_settings.c:191  debug_display_settings           [   0.01406] color: 32 (rgba 8880), depth: 0, stencil: 0, acc: 0000, samples: 0/0
display  D   display_settings.c:377  _al_score_display_settings       [   0.01409] Single Buffer requirement not met.
display  D   display_settings.c:191  debug_display_settings           [   0.01410] color: 32 (rgba 8880), depth: 24, stencil: 8, acc: 0000, samples: 0/0
display  D   display_settings.c:377  _al_score_display_settings       [   0.01413] Single Buffer requirement not met.
display  D   display_settings.c:191  debug_display_settings           [   0.01414] color: 32 (rgba 8880), depth: 24, stencil: 8, acc: 0000, samples: 0/0
display  D   display_settings.c:377  _al_score_display_settings       [   0.01417] Single Buffer requirement not met.
display  D   display_settings.c:191  debug_display_settings           [   0.01419] color: 32 (rgba 8880), depth: 24, stencil: 0, acc: 0000, samples: 0/0
display  D   display_settings.c:377  _al_score_display_settings       [   0.01421] Single Buffer requirement not met.
display  D   display_settings.c:191  debug_display_settings           [   0.01423] color: 32 (rgba 8880), depth: 24, stencil: 0, acc: 0000, samples: 0/0
display  D   display_settings.c:377  _al_score_display_settings       [   0.01425] Single Buffer requirement not met.
display  D   display_settings.c:191  debug_display_settings           [   0.01427] color: 32 (rgba 8880), depth: 16, stencil: 0, acc: 0000, samples: 0/0
display  D   display_settings.c:377  _al_score_display_settings       [   0.01429] Single Buffer requirement not met.
display  D   display_settings.c:191  debug_display_settings           [   0.01431] color: 32 (rgba 8880), depth: 16, stencil: 0, acc: 0000, samples: 0/0
display  D   display_settings.c:377  _al_score_display_settings       [   0.01433] Single Buffer requirement not met.
display  D   display_settings.c:191  debug_display_settings           [   0.01435] color: 16 (rgba 5650), depth: 0, stencil: 0, acc: 0000, samples: 0/0
display  D   display_settings.c:377  _al_score_display_settings       [   0.01437] Single Buffer requirement not met.
display  D   display_settings.c:191  debug_display_settings           [   0.01439] color: 16 (rgba 5650), depth: 0, stencil: 0, acc: 0000, samples: 0/0
display  D   display_settings.c:377  _al_score_display_settings       [   0.01441] Single Buffer requirement not met.
display  D   display_settings.c:191  debug_display_settings           [   0.01443] color: 16 (rgba 5650), depth: 24, stencil: 8, acc: 0000, samples: 0/0
display  D   display_settings.c:377  _al_score_display_settings       [   0.01445] Single Buffer requirement not met.
display  D   display_settings.c:191  debug_display_settings           [   0.01447] color: 16 (rgba 5650), depth: 24, stencil: 8, acc: 0000, samples: 0/0
display  D   display_settings.c:377  _al_score_display_settings       [   0.01449] Single Buffer requirement not met.
display  D   display_settings.c:191  debug_display_settings           [   0.01451] color: 16 (rgba 5650), depth: 24, stencil: 0, acc: 0000, samples: 0/0
display  D   display_settings.c:377  _al_score_display_settings       [   0.01453] Single Buffer requirement not met.
display  D   display_settings.c:191  debug_display_settings           [   0.01455] color: 16 (rgba 5650), depth: 24, stencil: 0, acc: 0000, samples: 0/0
display  D   display_settings.c:377  _al_score_display_settings       [   0.01457] Single Buffer requirement not met.
display  D   display_settings.c:191  debug_display_settings           [   0.01459] color: 16 (rgba 5650), depth: 16, stencil: 0, acc: 0000, samples: 0/0
display  D   display_settings.c:377  _al_score_display_settings       [   0.01461] Single Buffer requirement not met.
display  D   display_settings.c:191  debug_display_settings           [   0.01463] color: 16 (rgba 5650), depth: 16, stencil: 0, acc: 0000, samples: 0/0
display  D   display_settings.c:377  _al_score_display_settings       [   0.01465] Single Buffer requirement not met.
display  D   display_settings.c:191  debug_display_settings           [   0.01467] color: 32 (rgba 8880), depth: 0, stencil: 0, acc: 0000, samples: 0/0
display  D   display_settings.c:506  _al_score_display_settings       [   0.01469] Score is : 769
display  D   display_settings.c:191  debug_display_settings           [   0.01471] color: 32 (rgba 8880), depth: 0, stencil: 0, acc: 0000, samples: 0/0
display  D   display_settings.c:506  _al_score_display_settings       [   0.01473] Score is : 769
display  D   display_settings.c:191  debug_display_settings           [   0.01475] color: 32 (rgba 8880), depth: 24, stencil: 8, acc: 0000, samples: 0/0
display  D   display_settings.c:506  _al_score_display_settings       [   0.01477] Score is : 769
display  D   display_settings.c:191  debug_display_settings           [   0.01479] color: 32 (rgba 8880), depth: 24, stencil: 8, acc: 0000, samples: 0/0
display  D   display_settings.c:506  _al_score_display_settings       [   0.01481] Score is : 769
display  D   display_settings.c:191  debug_display_settings           [   0.01483] color: 32 (rgba 8880), depth: 24, stencil: 0, acc: 0000, samples: 0/0
display  D   display_settings.c:506  _al_score_display_settings       [   0.01485] Score is : 769
display  D   display_settings.c:191  debug_display_settings           [   0.01486] color: 32 (rgba 8880), depth: 24, stencil: 0, acc: 0000, samples: 0/0
display  D   display_settings.c:506  _al_score_display_settings       [   0.01489] Score is : 769
display  D   display_settings.c:191  debug_display_settings           [   0.01490] color: 32 (rgba 8880), depth: 16, stencil: 0, acc: 0000, samples: 0/0
display  D   display_settings.c:506  _al_score_display_settings       [   0.01493] Score is : 769
display  D   display_settings.c:191  debug_display_settings           [   0.01494] color: 32 (rgba 8880), depth: 16, stencil: 0, acc: 0000, samples: 0/0
display  D   display_settings.c:506  _al_score_display_settings       [   0.01496] Score is : 769
display  D   display_settings.c:191  debug_display_settings           [   0.01498] color: 16 (rgba 5650), depth: 0, stencil: 0, acc: 0000, samples: 0/0
display  D   display_settings.c:506  _al_score_display_settings       [   0.01500] Score is : 769
display  D   display_settings.c:191  debug_display_settings           [   0.01502] color: 16 (rgba 5650), depth: 0, stencil: 0, acc: 0000, samples: 0/0
display  D   display_settings.c:506  _al_score_display_settings       [   0.01504] Score is : 769
display  D   display_settings.c:191  debug_display_settings           [   0.01506] color: 16 (rgba 5650), depth: 24, stencil: 8, acc: 0000, samples: 0/0
display  D   display_settings.c:506  _al_score_display_settings       [   0.01508] Score is : 769
display  D   display_settings.c:191  debug_display_settings           [   0.01510] color: 16 (rgba 5650), depth: 24, stencil: 8, acc: 0000, samples: 0/0
display  D   display_settings.c:506  _al_score_display_settings       [   0.01513] Score is : 769
display  D   display_settings.c:191  debug_display_settings           [   0.01514] color: 16 (rgba 5650), depth: 24, stencil: 0, acc: 0000, samples: 0/0
display  D   display_settings.c:506  _al_score_display_settings       [   0.01517] Score is : 769
display  D   display_settings.c:191  debug_display_settings           [   0.01518] color: 16 (rgba 5650), depth: 24, stencil: 0, acc: 0000, samples: 0/0
display  D   display_settings.c:506  _al_score_display_settings       [   0.01521] Score is : 769
display  D   display_settings.c:191  debug_display_settings           [   0.01522] color: 16 (rgba 5650), depth: 16, stencil: 0, acc: 0000, samples: 0/0
display  D   display_settings.c:506  _al_score_display_settings       [   0.01524] Score is : 769
display  D   display_settings.c:191  debug_display_settings           [   0.01526] color: 16 (rgba 5650), depth: 16, stencil: 0, acc: 0000, samples: 0/0
display  D   display_settings.c:506  _al_score_display_settings       [   0.01528] Score is : 769
display  D   display_settings.c:191  debug_display_settings           [   0.01530] color: 32 (rgba 8880), depth: 0, stencil: 0, acc: 0000, samples: 0/0
display  D   display_settings.c:377  _al_score_display_settings       [   0.01532] Single Buffer requirement not met.
display  D   display_settings.c:191  debug_display_settings           [   0.01534] color: 32 (rgba 8880), depth: 0, stencil: 0, acc: 0000, samples: 0/0
display  D   display_settings.c:377  _al_score_display_settings       [   0.01536] Single Buffer requirement not met.
display  D   display_settings.c:191  debug_display_settings           [   0.01538] color: 32 (rgba 8880), depth: 24, stencil: 8, acc: 0000, samples: 0/0
display  D   display_settings.c:377  _al_score_display_settings       [   0.01540] Single Buffer requirement not met.
display  D   display_settings.c:191  debug_display_settings           [   0.01542] color: 32 (rgba 8880), depth: 24, stencil: 8, acc: 0000, samples: 0/0
display  D   display_settings.c:377  _al_score_display_settings       [   0.01544] Single Buffer requirement not met.
display  D   display_settings.c:191  debug_display_settings           [   0.01546] color: 32 (rgba 8880), depth: 24, stencil: 0, acc: 0000, samples: 0/0
display  D   display_settings.c:377  _al_score_display_settings       [   0.01548] Single Buffer requirement not met.
display  D   display_settings.c:191  debug_display_settings           [   0.01550] color: 32 (rgba 8880), depth: 24, stencil: 0, acc: 0000, samples: 0/0
display  D   display_settings.c:377  _al_score_display_settings       [   0.01552] Single Buffer requirement not met.
display  D   display_settings.c:191  debug_display_settings           [   0.01554] color: 32 (rgba 8880), depth: 16, stencil: 0, acc: 0000, samples: 0/0
display  D   display_settings.c:377  _al_score_display_settings       [   0.01556] Single Buffer requirement not met.
display  D   display_settings.c:191  debug_display_settings           [   0.01558] color: 32 (rgba 8880), depth: 16, stencil: 0, acc: 0000, samples: 0/0
display  D   display_settings.c:377  _al_score_display_settings       [   0.01560] Single Buffer requirement not met.
display  D   display_settings.c:191  debug_display_settings           [   0.01562] color: 16 (rgba 5650), depth: 0, stencil: 0, acc: 0000, samples: 0/0
display  D   display_settings.c:377  _al_score_display_settings       [   0.01564] Single Buffer requirement not met.
display  D   display_settings.c:191  debug_display_settings           [   0.01566] color: 16 (rgba 5650), depth: 0, stencil: 0, acc: 0000, samples: 0/0
display  D   display_settings.c:377  _al_score_display_settings       [   0.01568] Single Buffer requirement not met.
display  D   display_settings.c:191  debug_display_settings           [   0.01570] color: 16 (rgba 5650), depth: 24, stencil: 8, acc: 0000, samples: 0/0
display  D   display_settings.c:377  _al_score_display_settings       [   0.01576] Single Buffer requirement not met.
display  D   display_settings.c:191  debug_display_settings           [   0.01578] color: 16 (rgba 5650), depth: 24, stencil: 8, acc: 0000, samples: 0/0
display  D   display_settings.c:377  _al_score_display_settings       [   0.01580] Single Buffer requirement not met.
display  D   display_settings.c:191  debug_display_settings           [   0.01582] color: 16 (rgba 5650), depth: 24, stencil: 0, acc: 0000, samples: 0/0
display  D   display_settings.c:377  _al_score_display_settings       [   0.01584] Single Buffer requirement not met.
display  D   display_settings.c:191  debug_display_settings           [   0.01586] color: 16 (rgba 5650), depth: 24, stencil: 0, acc: 0000, samples: 0/0
display  D   display_settings.c:377  _al_score_display_settings       [   0.01588] Single Buffer requirement not met.
display  D   display_settings.c:191  debug_display_settings           [   0.01590] color: 16 (rgba 5650), depth: 16, stencil: 0, acc: 0000, samples: 0/0
display  D   display_settings.c:377  _al_score_display_settings       [   0.01592] Single Buffer requirement not met.
display  D   display_settings.c:191  debug_display_settings           [   0.01594] color: 16 (rgba 5650), depth: 16, stencil: 0, acc: 0000, samples: 0/0
display  D   display_settings.c:377  _al_score_display_settings       [   0.01596] Single Buffer requirement not met.
d3d      D         d3d_disp.cpp:1645 d3d_create_display_internals     [   0.01599] Trying format 0.
d3d      I         d3d_disp.cpp:1326 d3d_display_thread_proc          [   0.01624] Chose a display format: 23
d3d      I         d3d_disp.cpp:1395 d3d_display_thread_proc          [   0.01630] Normal window.
d3d      I         d3d_disp.cpp:801  d3d_create_device                [   0.03885] Using no depth stencil buffer
d3d      D         d3d_disp.cpp:866  d3d_create_device                [   0.04570] BeginScene succeeded in create_device
d3d      D         d3d_disp.cpp:874  d3d_create_device                [   0.04575] Success
d3d      D         d3d_disp.cpp:1668 d3d_create_display_internals     [   0.04579] Resumed after wait.
d3d      I         d3d_disp.cpp:1701 d3d_create_display_internals     [   0.04583] Format 0 succeeded.
d3d      D         d3d_disp.cpp:1724 d3d_create_display_internals     [   0.04585] Returning d3d_display: 00A52AA0
d3d      D         d3d_disp.cpp:1749 d3d_create_display_locked        [   0.04587] al_display=00A52AA0
d3d      D         d3d_disp.cpp:1750 d3d_create_display_locked        [   0.04588] al_display->vt=00A0ADA0
dtor     D               dtor.c:184  _al_register_destructor          [   0.05329] added dtor for object 00A17B68, func 0F361F37
dtor     D               dtor.c:184  _al_register_destructor          [   0.05335] added dtor for object 00A52980, func 0F36220C
dtor     D               dtor.c:214  _al_unregister_destructor        [  13.84141] removed dtor for object 00A52980
d3d      I         d3d_disp.cpp:921  d3d_destroy_display              [  13.84183] destroying display 00A52AA0 (current 00000000)
d3d      D         d3d_disp.cpp:905  d3d_destroy_display_internals    [  13.84242] waiting for display 00A52AA0's thread to end
d3d      W         d3d_disp.cpp:617  d3d_destroy_device               [  13.86940] d3d_destroy_device: ref count not 0
d3d      I         d3d_disp.cpp:1527 d3d_display_thread_proc          [  13.87541] d3d display thread exits
dtor     D               dtor.c:114  _al_run_destructors              [  13.87650] calling dtor for object 00A17B68, func 0F361F37
dtor     D               dtor.c:214  _al_unregister_destructor        [  13.88750] removed dtor for object 00A17B68
